**** BEGIN LOGGING AT Sat Feb 24 00:16:48 2018

**** BEGIN LOGGING AT Sat Feb 24 00:16:48 2018

Feb 24 00:16:48 <crowofdetroit>	WOOOOOOOOOOOOOOOOOOO
Feb 24 00:16:48 <brimz15>	toastyCreeper1 toastyCreeper2 toastyCreeper3 toastyCreeper4
Feb 24 00:16:48 <grizzlyhamster92>	DAT PULSE
Feb 24 00:16:48 <elthermo>	nomyTHICCC nomyTHICCC nomyTHICCC nomyTHICCC
Feb 24 00:16:48 <nexic_>	WOOOOOOOOOOOOOOOOOOO
Feb 24 00:16:48 <joeboco7>	WOOOO
Feb 24 00:16:48 <mega_mike77>	OWLSEO OWLSEO OWLSEO
Feb 24 00:16:48 <kittenscy>	OWLSFS WOOOOOOOOOHHHHHHH OWLSFS
Feb 24 00:16:48 <serpentish>	WOOOOOOOOOOOOOOOOOO
Feb 24 00:16:48 <dr_acula_to_you>	S L zzySLEEP zzySLEEP P Y
Feb 24 00:16:48 <rickdoesstreams>	WOOOOOOOOOOO
Feb 24 00:16:48 <thoraxe911>	WOOOOOOOOOOOOO
Feb 24 00:16:48 <nsfwpanda>	it's free real estate
Feb 24 00:16:48 <mermaidmishelle>	wooooooooooo
Feb 24 00:16:48 <pretttt>	crowd of autists
Feb 24 00:16:48 <kyvin_>	WOOOOOOOOOH
Feb 24 00:16:49 <povako>	WOOOOOOOOOOOOOOOOOOOOOOO
Feb 24 00:16:49 <xxkenaku>	!tokens
Feb 24 00:16:49 <moobot>	No command needed! Earn League Tokens just for watching the matches! Link your Twitch and Overwatch account to begin. https://watch.twitch.tv/2BIi3Wa (xxkenaku)
Feb 24 00:16:49 <russsellwestbrook>	WOOOOOOOOOOO
Feb 24 00:16:49 <mixkhan>	BOOM
Feb 24 00:16:49 <raigovi>	OWLSEOOWLSEO OWLSEO
Feb 24 00:16:49 <harmlessfall>	woo
Feb 24 00:16:49 <datennuke>	hempDog WOOOOOOOOOOO hempDog
Feb 24 00:16:49 <jarnotv>	WWWWWWOOOOOOOOOOOOOOOOOOOO
Feb 24 00:16:50 <owlcircuit>	WOOOOOOOO
Feb 24 00:16:50 <llamawaffle>	LUL
Feb 24 00:16:50 <watergunz>	OWLAna OWLAna OWLAna OWLAna
Feb 24 00:16:50 <shenanigan6970>	OWL ALL MALE GMAERS
Feb 24 00:16:50 <xanwill>	WOOOOOOOOOOOO
Feb 24 00:16:50 <daniellerino>	owlseo100
Feb 24 00:16:50 <cmavengerow>	OWLZen
Feb 24 00:16:50 <tntmaster2765>	WOOOOOOOOOO
Feb 24 00:16:50 <jackiedeex>	WOOOOOOOOOOOOO
Feb 24 00:16:50 <boolouieg>	that WWOOOOOOOO tho...
Feb 24 00:16:50 <rafafafaa>	Come on mods BibleThump
Feb 24 00:16:50 <skeletonwolf_>	derkWoah
Feb 24 00:16:50 <vsuvin>	woooooooooooooooooooooooooo
Feb 24 00:16:50 <rvmirxz_187>	WOOOOOOOOOOOOO
Feb 24 00:16:50 <infektedxo>	WOOOOOOOOOOOOOOOO
Feb 24 00:16:51 <d4nkr4i1>	Wooooo
Feb 24 00:16:51 <prince_noctis_>	OHHHHHH
Feb 24 00:16:51 <john_f>	aaaaaaaaaaaaaaaaaaaaaaaaaaaaaa
Feb 24 00:16:51 <topazz410>	WOOOOOOOOOOOOOOO
Feb 24 00:16:51 <jarelle>	ZAAAAAYUM
Feb 24 00:16:51 <solidsnivy503>	WOOOOOOOOOO
Feb 24 00:16:51 <bukketnekkid>	SHADDAP moon2R
Feb 24 00:16:52 <againteebolt>	WOOOOOOOOOOOOOOOOOOOOO
Feb 24 00:16:52 <liven_ow>	WOOO
Feb 24 00:16:52 <azurice___>	WOOOOOOOOOOOOOO
Feb 24 00:16:52 <ninjazow>	WOOOOOOOOOOOOOOO
Feb 24 00:16:53 <blueskiesow>	WOOOOOO
Feb 24 00:16:53 <aulegend>	This guy needs to stop screaming LUL
Feb 24 00:16:53 <drewthevander>	OOOOOOOOOO
Feb 24 00:16:53 <kyylieee>	WOOOOOOOOOOO
Feb 24 00:16:53 <celeres>	owlseo100 owlseo100 owlseo100
Feb 24 00:16:53 <hoohawi>	WOOOOOOOOOOOOOOO
Feb 24 00:16:53 <sakoi_>	OWLSoldier76 OWLMei OWLLucio OWLMcCree OWLMercy OWLWidowmaker
Feb 24 00:16:53 <cadenthecrobat>	WOOoOoOoOOooOoOo
Feb 24 00:16:53 <macielmn>	WOOOOOOOOOOOOOOOOOOOOOOOOOOOOOOOOO
Feb 24 00:16:53 <shackals>	owlbos100
Feb 24 00:16:53 <pegathermite>	WOO9OOOO9OOOOOOOO
Feb 24 00:16:53 <goombagamingxd>	LUL
Feb 24 00:16:53 <callgames>	green nice
Feb 24 00:16:53 <chockpoint0>	WOOOOOOOOOOOOOO
Feb 24 00:16:54 <dankcraves>	weedWOO
Feb 24 00:16:54 <letsgo_champ>	WOOOOOOO
Feb 24 00:16:54 <ludiciano>	WOOOOOOOOOOOOO
Feb 24 00:16:54 <jarelle>	SOE SOE SOE
Feb 24 00:16:54 <arbor29>	WOOOOOOOOOOO
Feb 24 00:16:54 <jer_cab54>	WOOOOOOOOO
Feb 24 00:16:55 <fabercastella>	OWLSEO OWLSEO RYU OWLSEO JE OWLSEO HONG OWLSEO OWLSEO
Feb 24 00:16:55 <bfginga>	WOOOOOOOO
Feb 24 00:16:55 <tonuy>	WOOO
Feb 24 00:16:55 <hanutatv>	SMOrc SMOrc SMOrc SMOrc SMOrc SMOrc
Feb 24 00:16:55 <plonka456>	whos winning
Feb 24 00:16:55 <youied>	wooooooow
Feb 24 00:16:56 <dafwish>	LUL
Feb 24 00:16:56 <mcbuggie>	WOOOOOOOOOOOOOOOOOOOOOO
Feb 24 00:16:56 <squishiedragn>	WOOOOOOOOOOOOOO
Feb 24 00:16:56 <ninjazow>	WOOOOOOOOOOOOOOOOOOOOOOOO
Feb 24 00:16:56 <joycey_gstq>	owlldn100
Feb 24 00:16:57 <aridthunder7700>	woooooooooooooooooooo
Feb 24 00:16:57 <klorin2>	WutFace
Feb 24 00:16:57 <omega_ez_clap>	WOOOOOOOOOOOOOOOOOOOOOOOOOOOOOOOOOOOOOOOOOO
Feb 24 00:16:57 <bk_lemo>	MingLee WOOOOOOO
Feb 24 00:16:57 <mqp1018>	wooooooooooo SwiftRage SwiftRage
Feb 24 00:16:57 <lwr_flwr>	WWOOOOOOOOOO
Feb 24 00:16:58 <harmlessfall>	moooooon
Feb 24 00:16:58 <lordtwinkie94>	OWLOrisa
Feb 24 00:16:58 <0zzazz0>	WOOOOOOOOOOOOOO
Feb 24 00:16:58 <papakimo>	1
Feb 24 00:16:58 <crunchmeaster>	owlldn100 owlldn100
Feb 24 00:16:58 <john_f>	WOOOOOOOOOOOOOOOOOOOOOOOO
Feb 24 00:16:58 <drunkenwhalr>	Slowmo is so satisfying
Feb 24 00:16:58 <crash800>	WOoooooooooooooooooooooooo
Feb 24 00:16:58 <subzeroanime>	!tokens
Feb 24 00:16:58 <ghqy>	tatGlam tatGlam tatGlam tatGlam tatGlam tatGlam tatGlam tatGlam tatGlam tatGlam
Feb 24 00:16:58 <oreas27>	Not bad ResidentSleeper
Feb 24 00:16:58 <alexmd_ow>	WWOOOOOOOOOOOOO
Feb 24 00:16:58 <strikesix>	LUL
Feb 24 00:16:58 <2handylee>	BABYBAY USED CHEATS in CSGO
Feb 24 00:16:59 <nando_mex>	WOOOOOOOOOH
Feb 24 00:16:59 <gameboy_923>	Kappu Kappu Kappu Kappu Kappu Kappu Kappu Kappu Kappu Kappu Kappu Kappu Kappu Kappu Kappu Kappu Kappu Kappu
Feb 24 00:16:59 <bscode>	WOOOOOOOOOOOOOO
Feb 24 00:16:59 <autumnnod>	Wooooooooooooooo
Feb 24 00:17:00 <jinmaittai>	WHOOOOOOOOOOOOOOOOOOOOOOOOOOOOOOOOOOOO
Feb 24 00:17:00 <ademdrivr>	WOOOOOOOoooooooOOOOOOOoooOOOOoOoO
Feb 24 00:17:00 <nicolewow>	D PogChamp N T E H
Feb 24 00:17:01 <ashowens25>	OWLDoomfist OWLDoomfist
Feb 24 00:17:01 <fabercastella>	OWLSEO RYU OWLSEO JE OWLSEO HONG OWLSEO
Feb 24 00:17:02 <polarsbeqrs>	Danteh SSSsss SSSsss SSSsss
Feb 24 00:17:02 <brimz15>	toastyDab1 toastyDab2 toastyDab3
Feb 24 00:17:02 <emang>	OWLSEO S OWLSEO E OWLSEO O OWLSEO U OWLSEO L OWLSEO
Feb 24 00:17:02 <takuroot>	WOOOOOOOOOOOOO
Feb 24 00:17:02 <spytegaming>	WOOOOOOOO
Feb 24 00:17:02 <squiddj>	come on you got this Seoul
Feb 24 00:17:02 <ekfmenfmrl>	LUL
Feb 24 00:17:03 <zappingzander>	owlshd150
Feb 24 00:17:03 <ciscoputoz1>	WOOOOOOOOOOOOOO Guy
Feb 24 00:17:03 <lordtwinkie94>	OWLPharah
Feb 24 00:17:03 <ohsnapitsmiguel>	lteddyBITS
Feb 24 00:17:04 <benfire4>	Woooooooooooooooo
Feb 24 00:17:04 <therealdustup>	jol420 jol420 jol420
Feb 24 00:17:04 <cmavengerow>	OWLZenyatta OWLZenyatta OWLZenyatta
Feb 24 00:17:04 <blueskiesow>	PogChamp
Feb 24 00:17:04 <simplygr8ness>	SECURITY
Feb 24 00:17:04 <rdx_009>	WOOOOOOOOOOOOOOOOOOOOOOOOOO
Feb 24 00:17:04 <9inchninja>	NATURE BOI
Feb 24 00:17:04 <paulaambido142>	nice
Feb 24 00:17:05 <joycey_gstq>	owldal100
Feb 24 00:17:05 <thygingerkid>	owlsfs100
Feb 24 00:17:05 <boolouieg>	LUL\
Feb 24 00:17:05 <demonicphoenixx>	whos winning
Feb 24 00:17:06 <hafs59>	ahhhhhhhhhhhhhhhhhh
Feb 24 00:17:06 <boanjangnararmine>	OWLSFS OWLSFS FREE IDDQD OWLSFS OWLSFS
Feb 24 00:17:06 <richieisking>	WOOOOOOOOOOOOOOOOOOO
Feb 24 00:17:06 <nukednuked>	W OOOOOOOOOOOOOOOO
Feb 24 00:17:07 <xanaduzu>	WOOOOOOOOOOOOO
Feb 24 00:17:07 <jobbaffet_ow>	n
Feb 24 00:17:07 <sledge_the_operator>	wooooooooo
Feb 24 00:17:07 <burntmycake>	woooooooooooooooooo
Feb 24 00:17:07 <boolouieg>	LUL
Feb 24 00:17:07 <papakimo>	11
Feb 24 00:17:07 <radroachhd>	that dude screaming is gay and blows for a living
Feb 24 00:17:09 <jaczoe>	WOOOOOOOOOOOOOOOOOOOOOOOOOOOO
Feb 24 00:17:09 <gizzyfizzy>	!Tokens
Feb 24 00:17:09 <danielcasian>	OWLJunkrat
Feb 24 00:17:09 <2handylee>	BABYBAY USED CHEATS IN CSGO
Feb 24 00:17:10 <guts8>	SSSsss
Feb 24 00:17:10 <carcash101>	OWLDAL OWLDAL OWLDAL
Feb 24 00:17:10 <mjtheko>	HSWP
Feb 24 00:17:10 <dr_acula_to_you>	WOOOOOOOOOOO zzyCHAMP
Feb 24 00:17:10 <sircharles1707>	owlldn100
Feb 24 00:17:10 <exc4ly>	why u guys say woooo?
Feb 24 00:17:11 <watergunz>	OWLHanzo OWLHanzo OWLHanzo
Feb 24 00:17:11 <oddboyy>	I can't find it
Feb 24 00:17:11 <hellxy>	woooooooo
Feb 24 00:17:11 <papakimo>	1
Feb 24 00:17:11 <gaznathepug>	woo
Feb 24 00:17:12 <celeres>	owlseo100 owlseo100
Feb 24 00:17:12 <jobbaffet_ow>	LOOOLL
Feb 24 00:17:13 <philavelll>	!tokens
Feb 24 00:17:13 <mikeyelx>	r6rekt r6rekt r6rekt
Feb 24 00:17:13 <john_f>	WOOOOOOOOOOOOOOOOO
Feb 24 00:17:13 <nyanmudkip>	SSSsss SSSsss SSSsss
Feb 24 00:17:14 <pika500>	is shanghai dragons playing today?
Feb 24 00:17:14 <mcbuggie>	WOOoooOOoOooooooOoOOOOooo
Feb 24 00:17:14 <xjoltic>	Kreygasm
Feb 24 00:17:15 <hafs59>	wooooooooooooooooooo
Feb 24 00:17:15 <zev747>	OAHHHH gachiBASS
Feb 24 00:17:15 <ohsnapitsmiguel>	moon2GASM
Feb 24 00:17:15 <lewcypher_>	WOAHHHHHH PogChamp
Feb 24 00:17:15 <desda>	OWLHOU
Feb 24 00:17:15 <niceguy4915>	OWLLDN OWLLDN OWLLDN OWLLDN OWLLDN OWLRoadhog OWLRoadhog OWLRoadhog OWLRoadhog OWLTracer OWLTracer OWLTracer OWLAna OWLAna OWLAna adeptxHey
Feb 24 00:17:15 <l9natic>	wow
Feb 24 00:17:15 <moobot>	No spamming allowed (NiceGuy4915)
Feb 24 00:17:15 <luis2005games>	Rip
Feb 24 00:17:16 <fancierarc13>	PogChamp
Feb 24 00:17:16 <get_brekt>	Woooooooo
Feb 24 00:17:16 <berry_4>	TableHere TableHere
Feb 24 00:17:16 <nymo>	PogChamp
Feb 24 00:17:16 <musicalsocks>	OWLJunkrat OWLJunkrat OWLJunkrat
Feb 24 00:17:17 <peter_dozal>	WHOOOOOOOOOOO PowerUpL moon2R PowerUpR
Feb 24 00:17:17 <doomedwanderer>	WOOOO ?
Feb 24 00:17:17 <lordtwinkie94>	OWLDVa OWLDVa
Feb 24 00:17:17 <remmbo>	Bunny vz Bani vs B4nny
Feb 24 00:17:18 <suilenx>	gachiBASS
Feb 24 00:17:18 <mytra80>	sizzRIP sizzR sizzWL sizzCOOL sizzWR owlseo50
Feb 24 00:17:18 <js014419>	Kreygasm
Feb 24 00:17:18 <doppelzch>	PogChamp
Feb 24 00:17:19 <henryt_81>	sf lets gooo
Feb 24 00:17:19 <silent_orange76>	Kreygasm
Feb 24 00:17:19 <goombagamingxd>	PogChamp
Feb 24 00:17:19 <singurarity>	Kreygasm
Feb 24 00:17:19 <willowport>	ohhhhhhh
Feb 24 00:17:19 <dagh0st13>	WOOOOOOOOOOOOOO
Feb 24 00:17:19 <jonathlas>	Kreygasm
Feb 24 00:17:19 <cylo_>	Kreygasm
Feb 24 00:17:19 <rygel_>	SSSsss SSSsss SSSsss
Feb 24 00:17:20 <ironicimperialist>	PogChamp
Feb 24 00:17:20 <hazfoot>	did he eveen woooo i didnt hear it
Feb 24 00:17:20 <rlevy17>	PogChamp
Feb 24 00:17:20 <luis2005games>	HSWP HSWP HSWP HSWP HSWP HSWP
Feb 24 00:17:20 <tooded>	gimme drops!!
Feb 24 00:17:20 <justabs>	?
Feb 24 00:17:20 <otherguest>	LOL
Feb 24 00:17:20 <flyingpanda08>	owlseo100 owlseo100
Feb 24 00:17:20 <mrtabanjo>	moon22 moon22 moon22 moon22 moon22
Feb 24 00:17:20 <hypnoticmc>	SMOOOOTH
Feb 24 00:17:20 <xstillo>	OHHHH Kreygasm
Feb 24 00:17:21 <xmortemx>	who won
Feb 24 00:17:21 <victrina>	owldal100 owldal100 owldal100 owldal100 owldal100
Feb 24 00:17:21 <brakedg>	POGGERS
Feb 24 00:17:21 <xjoltic>	Kreygasm Kreygasm
Feb 24 00:17:21 <dragoonxd>	Kreygasm
Feb 24 00:17:21 <yasqueenisking>	WOOOOOOOOOOOo
Feb 24 00:17:21 <xr4zr>	KappaPride
Feb 24 00:17:21 <arjunmano123>	WOOOOOOOOOOOOOOOOOOOOOOOOOO
Feb 24 00:17:21 <slobbf>	OWLReaper
Feb 24 00:17:22 <rafafafaa>	Woooooo PowerUpL OhMyDog PowerUpR
Feb 24 00:17:22 <crunchmeaster>	owlldn100
Feb 24 00:17:22 <ijoe4>	?????????????
Feb 24 00:17:23 <atriop>	OWLSEO OWLSEO OWLSEO
Feb 24 00:17:23 <prince_noctis_>	oooooohhhh
Feb 24 00:17:23 <calypsojukes>	"that happened"
Feb 24 00:17:23 <doppelzch>	Wooooooooooooo
Feb 24 00:17:23 <againteebolt>	WOOOOOOOOOOOOOOOOOOOOOOOOOOOOOOOOOO
Feb 24 00:17:23 <silence945>	WOOOOOOO
Feb 24 00:17:23 <strasbro>	OWLSFS OWLSFS OWLSFS
Feb 24 00:17:23 <shinvarr>	PLS OWN THESE NABS SEOUL
Feb 24 00:17:23 <ohsnapitsmiguel>	moon2F
Feb 24 00:17:23 <unholyguac>	Kreygasm
Feb 24 00:17:23 <sourdoughbro>	awww
Feb 24 00:17:24 <xmlg420blackguy>	Kreygasm Kreygasm
Feb 24 00:17:24 <luis2005games>	Kappa Kappa Kappa
Feb 24 00:17:24 <dankcraves>	weedHype weedWOO weedLove
Feb 24 00:17:24 <atriop>	OWLSEO OWLSEO Dynasty Lets GO!! OWLSEO OWLSEO
Feb 24 00:17:24 <xlucifex>	PogChamp
Feb 24 00:17:24 <hoohawi>	WOOOO
Feb 24 00:17:24 <nimnoga>	Kreygasm Kreygasm Kreygasm
Feb 24 00:17:25 <1c3m4nz>	OWLSEO OWLSEO
Feb 24 00:17:25 <crab_spy>	PogChamp
Feb 24 00:17:25 <prince_noctis_>	OHHHHHHHHHHHHHHHHHHHHHHHH
Feb 24 00:17:25 <gabotsan>	DansGame
Feb 24 00:17:25 <lordtwinkie94>	OWLOrisa OWLDVa OWLOrisa OWLPharah OWLSoldier76
Feb 24 00:17:25 <musicalsocks>	owlsfs100 owlsfs100 owlsfs100 owlsfs100 owlsfs100
Feb 24 00:17:25 <schiroptera>	OHHHHH WutFace
Feb 24 00:17:26 <v000q>	SMORC
Feb 24 00:17:26 <oreas27>	KappaPride aw soo good
Feb 24 00:17:26 <jasper2k>	PogChamp
Feb 24 00:17:26 <hiimatkr>	boop
Feb 24 00:17:26 <theaurian>	PogChamp
Feb 24 00:17:26 <blakthough>	OWLPharah OWLPharah OWLPharah OWLPharah OWLPharah OWLPharah OWLPharah OWLPharah OWLPharah OWLPharah OWLPharah OWLPharah OWLPharah
Feb 24 00:17:27 <rho___>	Kreygasm Kreygasm
Feb 24 00:17:27 <daniellerino>	owlseo100 owlseo100
Feb 24 00:17:27 <thehammockproduction>	theham5Happy
Feb 24 00:17:27 <ghqy>	BagOfMemes BagOfMemes BagOfMemes BagOfMemes
Feb 24 00:17:27 <monchi41>	wowwww effWOW
Feb 24 00:17:28 <tekstyleso>	Kreygasm
Feb 24 00:17:28 <cicerovictor1>	Kreygasm Kreygasm Kreygasm Kreygasm Kreygasm Kreygasm
Feb 24 00:17:28 <kettiecorn>	PogChamp
Feb 24 00:17:28 <atriop>	OWLSEO OWLSEO
Feb 24 00:17:28 <1c3m4nz>	OWLSEO OWLSEO OWLSEO OWLSEO
Feb 24 00:17:28 <edu505>	PogChamp
Feb 24 00:17:28 <killerwayne3>	I think Ryujehong is better zen than me like way better
Feb 24 00:17:28 <kittenscy>	Kreygasm
Feb 24 00:17:28 <kingfifa92>	oof
Feb 24 00:17:28 <conankun66>	Kreygasm
Feb 24 00:17:28 <brimz15>	toastyGasm toastyGasm toastyGasm
Feb 24 00:17:29 <ccaarrll_>	LUL
Feb 24 00:17:29 <moobot>	Get League Tokens just for watching or Cheer on your favorite teams and get loot. Find out how! http://link.twitch.tv/owl-unlock-loot
Feb 24 00:17:29 <kalamazoo>	WOOOOOOOOOOO
Feb 24 00:17:29 <ohsnapitsmiguel>	moon2D moon2D moon2D
Feb 24 00:17:29 <john_f>	LETS GOOOOOOOOOOOOOOOOOOOO
Feb 24 00:17:29 <tatablitz>	the jukes PogChamp
Feb 24 00:17:31 <kingpotato3>	PogChamp
Feb 24 00:17:31 <shadsdream>	hrdLove
Feb 24 00:17:31 <elthermo>	Kreygasm Kreygasm Kreygasm
Feb 24 00:17:31 <0faroe>	nerf danteh
Feb 24 00:17:31 <ashxiraa>	Kreygasm
Feb 24 00:17:31 <targraduate>	OWLSEO OWLLDN
Feb 24 00:17:31 <zev747>	ohhhh gachiGASM
Feb 24 00:17:31 <fouchad>	Kreygasm oooo
Feb 24 00:17:31 <sheepishlie>	OWLSEO OWLSEO OWLSEO OWLSEO OWLSEO
Feb 24 00:17:31 <p0wkiee>	OWLSEO OWLSEO OWLSEO OWLSEO
Feb 24 00:17:32 <tox_the_voice>	!drop
Feb 24 00:17:32 <lordtwinkie94>	OWLMoira
Feb 24 00:17:32 <moobot>	No command needed! Earn League Tokens just for watching the matches! Link your Twitch and Overwatch account to begin. https://watch.twitch.tv/2BIi3Wa (Tox_the_Voice)
Feb 24 00:17:32 <penan_>	owlsfs150
Feb 24 00:17:32 <atriop>	OWLSEO OWLSEO OWLSEO
Feb 24 00:17:32 <ghqy>	PokSuicune PokSuicune PokSuicune PokSuicune PokSuicune PokSuicune PokSuicune
Feb 24 00:17:32 <anonloves_you>	OWLWidowmaker OWLWidowmaker
Feb 24 00:17:32 <crunchmeaster>	owlldn100
Feb 24 00:17:32 <starbucksprime>	LUL
Feb 24 00:17:33 <serpentish>	Kreygasm
Feb 24 00:17:33 <arbor29>	Kreygasm
Feb 24 00:17:33 <bukketnekkid>	PLAY IDDQD OR RIOT
Feb 24 00:17:33 <tekstyleso>	Kreygasm Kreygasm Kreygasm Kreygasm
Feb 24 00:17:33 <nitrowolfe>	Wooo
Feb 24 00:17:33 <orion13>	owlseo100
Feb 24 00:17:33 <sircharles1707>	owlseo100
Feb 24 00:17:33 <fuzziestneko>	WOOOOOOOOOOOOOOOOO
Feb 24 00:17:33 <t0xna>	Kreygams
Feb 24 00:17:34 <enter4none>	Does anyone ever check the Toyota links? Kappa
Feb 24 00:17:34 <fabercastella>	OWLSEO RYU OWLSEO JE OWLSEO HONG OWLSEO
Feb 24 00:17:34 <snappyboy>	owlgla100
Feb 24 00:17:34 <atriop>	OWLSEO
Feb 24 00:17:34 <evanstrems>	OWLSFS OWLSFS
Feb 24 00:17:35 <russsellwestbrook>	Kreygasm
Feb 24 00:17:35 <natakuow>	OWLTracer OWLTracer OWLTracer OWLTracer
Feb 24 00:17:35 <scoobalu>	Kreygasm
Feb 24 00:17:35 <danielcasian>	OWLLDN
Feb 24 00:17:36 <musicalsocks>	OWLTracer OWLTracer OWLTracer
Feb 24 00:17:36 <elshocker>	moon2SMUG
Feb 24 00:17:36 <rebelgamer819>	those pulse bombs are crazy he only had one bad one the who match
Feb 24 00:17:36 <nollfenomic>	Nasty
Feb 24 00:17:36 <xstillo>	OHHHHHHHHH Kreygasm
Feb 24 00:17:36 <ihatetwitchfmlxd>	PunchTrees PunchTrees
Feb 24 00:17:36 <ccaarrll_>	WOOOOOOOOOOOOOOO
Feb 24 00:17:36 <rho___>	WOOOOOOOOOOOOOOO
Feb 24 00:17:36 <69averagejoe69>	WOOOODHFJHSJKDFHYUEURFYSJ
Feb 24 00:17:36 <shoushiroll>	the PLAYS
Feb 24 00:17:37 <simplygr8ness>	DIAMOND MINERS
Feb 24 00:17:37 <dizzyjump>	Yup!
Feb 24 00:17:37 <spookyman16>	SSSsss
Feb 24 00:17:37 <holisticbiscuit>	PogChamp
Feb 24 00:17:37 <flyerlee>	owlsfs100
Feb 24 00:17:38 <stratusnova>	woooo hoooo boys HERE we go
Feb 24 00:17:39 <calypsojukes>	"THAT HAPPENED" LUL
Feb 24 00:17:39 <mikeyelx>	KevinTurtle KevinTurtle KevinTurtle KevinTurtle
Feb 24 00:17:39 <holisticbiscuit>	WOW
Feb 24 00:17:39 <rafafafaa>	Kreygasm
Feb 24 00:17:39 <crashburn007>	Kreygasm Kreygasm Kreygasm Kreygasm
Feb 24 00:17:39 <danielcasian>	OWLDVa
Feb 24 00:17:40 <victrina>	OWLDAL
Feb 24 00:17:40 <ademdrivr>	xqcSmug xqcSmug xqcSmug xqcSmug xqcSmug xqcSmug xqcSmug xqcSmug
Feb 24 00:17:40 <atriop>	OWLSEO OWLSEO Dynasty Lets GO!! OWLSEO OWLSEO
Feb 24 00:17:40 <red3ca>	OWLSEO OWLSEO OWLSEO
Feb 24 00:17:40 <magnadeum>	OMEGALUL
Feb 24 00:17:40 <watermelon_overwatch>	hands haHAA
Feb 24 00:17:40 <gokigod45>	SSSsss
Feb 24 00:17:41 <saltysasa>	Kreygasm Kreygasm Kreygasm
Feb 24 00:17:41 <1c3m4nz>	OWLSEO OWLSEO OWLSEO
Feb 24 00:17:41 <wick3d_turtle>	i love danteh
Feb 24 00:17:41 <sirbillybob>	OWLHanzo
Feb 24 00:17:42 <lyrza>	hoohohohohohohohohoohoohohohoho
Feb 24 00:17:42 <stollengamer>	LUL
Feb 24 00:17:42 <wymjay>	mthLs mthLs mthLs mthLs mthLs mthLs mthLs mthLs mthLs mthLs mthLs mthLs
Feb 24 00:17:42 <seasonedwarrior>	HSWP HSWP HSWP HSWP HSWP
Feb 24 00:17:42 <szkud>	OWLMcCree
Feb 24 00:17:42 <crunchmeaster>	owlldn100
Feb 24 00:17:42 <dj_chuy_98>	owldal100
Feb 24 00:17:42 <dekojoako>	Kreygasm
Feb 24 00:17:43 <xsxfreak>	owlldn100
Feb 24 00:17:43 <royalphoenixhs>	WOOOOOOOOOOOOO
Feb 24 00:17:43 <boolouieg>	PokMachamp
Feb 24 00:17:43 <atriop>	OWLSEO OWLSEO OWLSEO
Feb 24 00:17:43 <evanstrems>	OWLSFS OWLSFS OWLSFS OWLSFS OWLGenji OWLGenji
Feb 24 00:17:43 *	jtv gives channel operator status to jdaawg812
Feb 24 00:17:43 <kiahri>	LUL
Feb 24 00:17:44 <johanl33t>	xqcPump
Feb 24 00:17:44 <danielcasian>	OWLDoomfist
Feb 24 00:17:44 <pierules32>	LUL
Feb 24 00:17:44 <fireflyacire>	OWLDVa
Feb 24 00:17:44 <battlerclerk27>	5/6??
Feb 24 00:17:44 <joycey_gstq>	owlsfs100
Feb 24 00:17:45 <supernovvak>	WOOOOOOOOOOOOOOOO
Feb 24 00:17:45 <dr_acula_to_you>	5 LUL
Feb 24 00:17:45 <prettydecentperson>	OWLSEO OWLSEO OWLSEO
Feb 24 00:17:45 <emang>	OWLSEO OWLSEO
Feb 24 00:17:45 <scarper>	yuunGASM yuunGASM yuunGASM yuunGASM
Feb 24 00:17:46 <atriop>	OWLSEO OWLSEO OWLSEO OWLSEO
Feb 24 00:17:46 <sledge_the_operator>	KreyGasm
Feb 24 00:17:46 <povako>	Kreeygasm
Feb 24 00:17:46 <silverwolf4190>	:) :)
Feb 24 00:17:47 <mari1and>	Bring back bunny
Feb 24 00:17:47 <aulegend>	CoolStoryBob
Feb 24 00:17:47 <popsoupmurky>	lul
Feb 24 00:17:47 <danielcasian>	OWLBastion
Feb 24 00:17:47 <strasbro>	OWLSFS OWLReaper
Feb 24 00:17:47 <richntimeline>	@rebelgamer819 forreal
Feb 24 00:17:47 <sesameleaf>	5-6 LUL
Feb 24 00:17:47 <willowport>	Kreygasm
Feb 24 00:17:47 <c2yaya>	OWLSEO OWLZenyatta OWLSEO
Feb 24 00:17:47 <zepsu_>	andypE andypE
Feb 24 00:17:47 <ddollfxce_x>	Danteh ❤
Feb 24 00:17:48 <kpark8692>	OWLSEO S OWLSEO E OWLSEO O OWLSEO U OWLSEO L OWLSEO
Feb 24 00:17:48 <vanthem79>	jolChamp woooooooooo jolChamp Clap
Feb 24 00:17:48 <nexic_>	PogChamp PogChamp
Feb 24 00:17:48 <xxjky>	PJSalt PJSalt PJSalt PJSalt PJSalt PJSalt PJSalt PJSalt PJSalt PJSalt PJSalt PJSalt
Feb 24 00:17:48 <moobot>	No spamming allowed (xxjky) (warning)
Feb 24 00:17:48 <slobbf>	Squid1 Squid2 Squid3 Squid4
Feb 24 00:17:48 <eiid0s>	GivePlz BUNNY GivePlz
Feb 24 00:17:49 <oram21>	FREE IDDQD
Feb 24 00:17:49 <dejaduu>	owlseo100
Feb 24 00:17:49 <mari1and>	Bunny
Feb 24 00:17:49 <daniellerino>	owlseo100
Feb 24 00:17:49 <rawkeyy_>	ANYONE WANNA DUEL BUILD UHC?
Feb 24 00:17:49 <kittyeagirl>	KYA
Feb 24 00:17:49 <callgames>	green arms nice
Feb 24 00:17:49 <sledge_the_operator>	Kreygasm
Feb 24 00:17:49 <danielcasian>	OWLReaper
Feb 24 00:17:50 <elfy888>	OWLMei OWLMei OWLMei
Feb 24 00:17:50 <red3ca>	OWLSEO OWLSEO OWLSEO OWLSEO
Feb 24 00:17:50 <ninjazow>	Kreygasm Kreygasm Kreygasm Kreygasm
Feb 24 00:17:50 <arjunmano123>	GREEN SCREEN HANDS
Feb 24 00:17:50 <sg_adel>	RyuJehong > Sleepy
Feb 24 00:17:50 <hazfoot>	green screen arm hehehehe
Feb 24 00:17:51 <kenjideflame>	owldal100
Feb 24 00:17:51 <thevolc>	< >
Feb 24 00:17:51 <destroyer1234>	what is the score
Feb 24 00:17:51 <magickittygw2>	OWLHanzo OWLHanzo OWLHanzo OWLHanzo
Feb 24 00:17:51 <69averagejoe69>	WOOOOOOOOOOOOOOOOOOOOOOOOOOOOOOOOOOOOOOOOW
Feb 24 00:17:52 <nymo>	OWLSFS OWLSFS OWLSFS OWLSFS
Feb 24 00:17:52 <jopagu>	eveaBaited eveaBaited eveaBaited
Feb 24 00:17:52 <zev747>	WutFace
Feb 24 00:17:52 <simplygr8ness>	LOL
Feb 24 00:17:52 <titusanimus>	wooo
Feb 24 00:17:52 <kittyeagirl>	KYAAAAAAAAAAAAAAAAAAAA
Feb 24 00:17:53 <fuzziestneko>	wooooooo
Feb 24 00:17:53 <hughmongus>	OWLHOU OWLHOU OWLHOU OWLHOU OWLHOU OWLHOU
Feb 24 00:17:53 <fashion956>	owldal100 owldal100
Feb 24 00:17:53 <thestreamfoogle>	WOOOOOOOOOO
Feb 24 00:17:53 <joocer_>	T
Feb 24 00:17:53 <alsterggez>	I D D Q D WHEN!!!!!!!!
Feb 24 00:17:54 <danielcasian>	OWLDAL
Feb 24 00:17:54 <numbingbird>	San Francisco is actually giving Seoul a run for their money! Anybody who denies that is crazy. GO SHOCK! Keep fighting!!! SwiftRage
Feb 24 00:17:54 <funknchill>	owlseo100
Feb 24 00:17:54 <moobot>	No excessive use of symbols allowed (ALSTERggez) (warning)
Feb 24 00:17:54 <mari1and>	Bunnyyyyyyy
Feb 24 00:17:54 <okinawa_kuma>	!cheer 100
**** ENDING LOGGING AT Sat Feb 24 00:41:43 2018

**** ENDING LOGGING AT Sat Feb 24 00:41:43 2018

